[19:49:30] [main/INFO] (FabricLoader/GameProvider) Loading Minecraft 1.21.1 with Fabric Loader 0.18.3
[19:49:30] [main/INFO] (FabricLoader) Loading 4 mods:
	- fabricloader 0.18.3
	- java 21
	- minecraft 1.21.1
	- mixinextras 0.5.0
[19:49:31] [main/INFO] (FabricLoader/Mixin) SpongePowered MIXIN Subsystem Version=0.8.7 Source=file:/home/kenzo101/.gradle/caches/modules-2/files-2.1/net.fabricmc/sponge-mixin/0.16.5+mixin.0.8.7/80fc3a9f592673cea87f4cd702f87991c6c9fe4d/sponge-mixin-0.16.5+mixin.0.8.7.jar Service=Knot/Fabric Env=CLIENT
[19:49:31] [main/INFO] (FabricLoader/Mixin) Loaded Fabric development mappings for mixin remapper!
[19:49:41] [Datafixer Bootstrap/INFO] (Minecraft) 226 Datafixer optimizations took 2844 milliseconds
[19:50:07] [Render thread/INFO] (Minecraft) Environment: Environment[sessionHost=https://sessionserver.mojang.com, servicesHost=https://api.minecraftservices.com, name=PROD]
[19:50:07] [Render thread/INFO] (Minecraft) Setting user: Player686
[19:50:08] [Render thread/INFO] (Minecraft) Backend library: LWJGL version 3.3.3-snapshot
[19:50:17] [Render thread/INFO] (Minecraft) Reloading ResourceManager: vanilla
[19:50:19] [Worker-Main-1/INFO] (Minecraft) Found unifont_all_no_pua-15.1.05.hex, loading
[19:50:22] [Worker-Main-1/INFO] (Minecraft) Found unifont_jp_patch-15.1.05.hex, loading
[19:50:38] [Render thread/WARN] (Minecraft) Missing sound for event: minecraft:item.goat_horn.play
[19:50:38] [Render thread/WARN] (Minecraft) Missing sound for event: minecraft:entity.goat.screaming.horn_break
[19:50:38] [Render thread/INFO] (Minecraft) OpenAL initialized on device Built-in Audio Estéreo analógico
[19:50:38] [Render thread/INFO] (Minecraft) Sound engine started
[19:50:39] [Render thread/INFO] (Minecraft) Created: 1024x512x0 minecraft:textures/atlas/blocks.png-atlas
[19:50:39] [Render thread/INFO] (Minecraft) Created: 256x256x0 minecraft:textures/atlas/signs.png-atlas
[19:50:39] [Render thread/INFO] (Minecraft) Created: 512x512x0 minecraft:textures/atlas/shield_patterns.png-atlas
[19:50:39] [Render thread/INFO] (Minecraft) Created: 512x512x0 minecraft:textures/atlas/banner_patterns.png-atlas
[19:50:40] [Render thread/INFO] (Minecraft) Created: 1024x1024x0 minecraft:textures/atlas/armor_trims.png-atlas
[19:50:40] [Render thread/INFO] (Minecraft) Created: 128x64x0 minecraft:textures/atlas/decorated_pot.png-atlas
[19:50:40] [Render thread/INFO] (Minecraft) Created: 256x256x0 minecraft:textures/atlas/chest.png-atlas
[19:50:40] [Render thread/INFO] (Minecraft) Created: 512x256x0 minecraft:textures/atlas/shulker_boxes.png-atlas
[19:50:40] [Render thread/INFO] (Minecraft) Created: 512x256x0 minecraft:textures/atlas/beds.png-atlas
[19:50:41] [Render thread/INFO] (Minecraft) Created: 512x256x0 minecraft:textures/atlas/particles.png-atlas
[19:50:41] [Render thread/INFO] (Minecraft) Created: 512x256x0 minecraft:textures/atlas/paintings.png-atlas
[19:50:41] [Render thread/INFO] (Minecraft) Created: 256x128x0 minecraft:textures/atlas/mob_effects.png-atlas
[19:50:41] [Render thread/INFO] (Minecraft) Created: 64x64x0 minecraft:textures/atlas/map_decorations.png-atlas
[19:50:41] [Render thread/INFO] (Minecraft) Created: 1024x512x0 minecraft:textures/atlas/gui.png-atlas
[19:50:42] [Render thread/WARN] (Minecraft) Shader rendertype_entity_translucent_emissive could not find sampler named Sampler2 in the specified shader program.
[19:50:49] [Render thread/INFO] (Minecraft) Stopping!
